<?xml version="1.0" encoding="UTF-8"?>
<!-- Generated by org.testng.reporters.JUnitReportReporter -->
<testsuite skipped="0" hostname="DESKTOP-34EVSF8" name="TestNG.Group" tests="4" failures="0" timestamp="2022-02-21T19:15:02 IST" time="0.012" errors="0">
  <testcase name="test1" time="0.007" classname="TestNG.Group"/>
  <system-out/>
  <testcase name="test2" time="0.001" classname="TestNG.Group"/>
  <system-out/>
  <testcase name="test3" time="0.001" classname="TestNG.Group"/>
  <system-out/>
  <testcase name="test4" time="0.003" classname="TestNG.Group"/>
  <system-out/>
</testsuite> <!-- TestNG.Group -->
