<?xml version="1.0" encoding="UTF-8"?>
<!-- Generated by org.testng.reporters.JUnitReportReporter -->
<testsuite skipped="3" hostname="DESKTOP-34EVSF8" name="TestNG.Skipped_Testcase" tests="3" failures="0" timestamp="2022-02-21T19:52:52 IST" time="0.011" errors="0">
  <testcase name="skippedtest2" time="0.010" classname="TestNG.Skipped_Testcase">
    <skipped/>
  </testcase> <!-- skippedtest2 -->
  <system-out/>
  <testcase name="skippedtest3" time="0.001" classname="TestNG.Skipped_Testcase">
    <skipped/>
  </testcase> <!-- skippedtest3 -->
  <system-out/>
  <testcase name="skippedtest1" classname="TestNG.Skipped_Testcase">
    <skipped/>
  </testcase> <!-- skippedtest1 -->
  <system-out/>
</testsuite> <!-- TestNG.Skipped_Testcase -->
