<?xml version="1.0" encoding="UTF-8"?>
<!-- Generated by org.testng.reporters.JUnitReportReporter -->
<testsuite skipped="0" hostname="DESKTOP-34EVSF8" name="Testng.NewTest" tests="1" failures="0" timestamp="2022-02-21T15:47:46 IST" time="12.830" errors="0">
  <testcase name="Logintest" time="12.830" classname="Testng.NewTest"/>
  <system-out/>
</testsuite> <!-- Testng.NewTest -->
