<?xml version="1.0" encoding="UTF-8"?>
<!-- Generated by org.testng.reporters.JUnitReportReporter -->
<testsuite skipped="0" hostname="DESKTOP-34EVSF8" name="TestNG.Meathods" tests="2" failures="0" timestamp="2022-02-21T17:01:02 IST" time="0.011" errors="0">
  <testcase name="test1" time="0.008" classname="TestNG.Meathods"/>
  <system-out/>
  <testcase name="test2" time="0.003" classname="TestNG.Meathods"/>
  <system-out/>
</testsuite> <!-- TestNG.Meathods -->
