<?xml version="1.0" encoding="UTF-8"?>
<!-- Generated by org.testng.reporters.JUnitReportReporter -->
<testsuite skipped="0" hostname="DESKTOP-34EVSF8" name="TestNG.Assertion" tests="1" failures="0" timestamp="2022-03-30T17:14:27 IST" time="10.240" errors="0">
  <testcase name="login" time="10.240" classname="TestNG.Assertion"/>
  <system-out/>
</testsuite> <!-- TestNG.Assertion -->
