<?xml version="1.0" encoding="UTF-8"?>
<!-- Generated by org.testng.reporters.JUnitReportReporter -->
<testsuite skipped="0" hostname="DESKTOP-34EVSF8" name="TestNG.login_assert" tests="1" failures="0" timestamp="2022-02-21T17:23:39 IST" time="7.962" errors="0">
  <testcase name="verifytitle" time="7.962" classname="TestNG.login_assert"/>
  <system-out/>
</testsuite> <!-- TestNG.login_assert -->
