<?xml version="1.0" encoding="UTF-8"?>
<!-- Generated by org.testng.reporters.JUnitReportReporter -->
<testsuite skipped="0" hostname="DESKTOP-34EVSF8" name="TestNG.Login" tests="2" failures="0" timestamp="2022-02-21T16:43:49 IST" time="0.011" errors="0">
  <testcase name="logintest" time="0.009" classname="TestNG.Login"/>
  <system-out/>
  <testcase name="logouttest" time="0.002" classname="TestNG.Login"/>
  <system-out/>
</testsuite> <!-- TestNG.Login -->
