<?xml version="1.0" encoding="UTF-8"?>
<!-- Generated by org.testng.reporters.JUnitReportReporter -->
<testsuite skipped="0" hostname="DESKTOP-34EVSF8" name="TestNG.Data_provider" tests="4" failures="0" timestamp="2022-02-21T20:54:53 IST" time="0.023" errors="0">
  <testcase name="test" time="0.013" classname="TestNG.Data_provider"/>
  <system-out/>
  <testcase name="test" time="0.004" classname="TestNG.Data_provider"/>
  <system-out/>
  <testcase name="test" time="0.003" classname="TestNG.Data_provider"/>
  <system-out/>
  <testcase name="test" time="0.003" classname="TestNG.Data_provider"/>
  <system-out/>
</testsuite> <!-- TestNG.Data_provider -->
