<?xml version="1.0" encoding="UTF-8"?>
<!-- Generated by org.testng.reporters.JUnitReportReporter -->
<testsuite skipped="0" hostname="DESKTOP-34EVSF8" name="TestNG.Data_Provider_2" tests="4" failures="0" timestamp="2022-02-21T21:14:03 IST" time="32.320" errors="0">
  <testcase name="datasetup" time="6.269" classname="TestNG.Data_Provider_2"/>
  <system-out/>
  <testcase name="datasetup" time="2.808" classname="TestNG.Data_Provider_2"/>
  <system-out/>
  <testcase name="datasetup" time="20.732" classname="TestNG.Data_Provider_2"/>
  <system-out/>
  <testcase name="datasetup" time="2.511" classname="TestNG.Data_Provider_2"/>
  <system-out/>
</testsuite> <!-- TestNG.Data_Provider_2 -->
